#
# There is insufficient memory for the Java Runtime Environment to continue.
# Native memory allocation (mmap) failed to map 696320 bytes for card table expansion
# Possible reasons:
#   The system is out of physical RAM or swap space
#   In 32 bit mode, the process size limit was hit
# Possible solutions:
#   Reduce memory load on the system
#   Increase physical memory or swap space
#   Check if swap backing store is full
#   Use 64 bit Java on a 64 bit OS
#   Decrease Java heap size (-Xmx/-Xms)
#   Decrease number of Java threads
#   Decrease Java thread stack sizes (-Xss)
#   Set larger code cache with -XX:ReservedCodeCacheSize=
# This output file may be truncated or incomplete.
#
#  Out of Memory Error (os_windows.cpp:3291), pid=15736, tid=15792
#
# JRE version:  (8.0_25-b18) (build )
# Java VM: Java HotSpot(TM) 64-Bit Server VM (25.25-b02 mixed mode windows-amd64 compressed oops)
# Failed to write core dump. Minidumps are not enabled by default on client versions of Windows
#

---------------  T H R E A D  ---------------

Current thread (0x0000000002640800):  JavaThread "Unknown thread" [_thread_in_vm, id=15792, stack(0x0000000002540000,0x0000000002640000)]

Stack: [0x0000000002540000,0x0000000002640000]
Native frames: (J=compiled Java code, j=interpreted, Vv=VM code, C=native code)
V  [jvm.dll+0x31667a]
V  [jvm.dll+0x267073]
V  [jvm.dll+0x267cb3]
V  [jvm.dll+0x25f5b5]
V  [jvm.dll+0x283279]
V  [jvm.dll+0x205247]
V  [jvm.dll+0xc4964]
V  [jvm.dll+0x3cfdca]
V  [jvm.dll+0x3d9a76]
V  [jvm.dll+0x3d99b8]
V  [jvm.dll+0x3ce061]
V  [jvm.dll+0x3d256d]
V  [jvm.dll+0xe3986]
V  [jvm.dll+0xe42d4]
V  [jvm.dll+0x1f9aa7]
V  [jvm.dll+0x22b2e4]
V  [jvm.dll+0x14d571]
C  [java.exe+0x20b6]
C  [java.exe+0xc9bb]
C  [java.exe+0xca4f]
C  [KERNEL32.DLL+0x8364]
C  [ntdll.dll+0x65e91]


---------------  P R O C E S S  ---------------

Java Threads: ( => current thread )

Other Threads:

=>0x0000000002640800 (exited) JavaThread "Unknown thread" [_thread_in_vm, id=15792, stack(0x0000000002540000,0x0000000002640000)]

VM state:not at safepoint (not fully initialized)

VM Mutex/Monitor currently owned by a thread: None

GC Heap History (0 events):
No events

Deoptimization events (0 events):
No events

Internal exceptions (0 events):
No events

Events (0 events):
No events


Dynamic libraries:
0x00007ff6d5e30000 - 0x00007ff6d5e64000 	C:\Program Files\Java\jdk1.8.0_25\bin\java.exe
0x00007ffcd7ef0000 - 0x00007ffcd80c1000 	C:\Windows\SYSTEM32\ntdll.dll
0x00007ffcd5610000 - 0x00007ffcd56bb000 	C:\Windows\System32\KERNEL32.DLL
0x00007ffcd48d0000 - 0x00007ffcd4aed000 	C:\Windows\System32\KERNELBASE.dll
0x00007ffcd7510000 - 0x00007ffcd75b2000 	C:\Windows\System32\ADVAPI32.dll
0x00007ffcd7930000 - 0x00007ffcd79ce000 	C:\Windows\System32\msvcrt.dll
0x00007ffcd78c0000 - 0x00007ffcd7919000 	C:\Windows\System32\sechost.dll
0x00007ffcd6fe0000 - 0x00007ffcd7101000 	C:\Windows\System32\RPCRT4.dll
0x00007ffcd5490000 - 0x00007ffcd55f5000 	C:\Windows\System32\USER32.dll
0x00007ffcd5460000 - 0x00007ffcd547e000 	C:\Windows\System32\win32u.dll
0x00007ffcd79d0000 - 0x00007ffcd7a04000 	C:\Windows\System32\GDI32.dll
0x00007ffcd4590000 - 0x00007ffcd4712000 	C:\Windows\System32\gdi32full.dll
0x00007ffcc5530000 - 0x00007ffcc57a9000 	C:\Windows\WinSxS\amd64_microsoft.windows.common-controls_6595b64144ccf1df_6.0.14393.0_none_2d0f50fcbdb171b8\COMCTL32.dll
0x00007ffcd5800000 - 0x00007ffcd5ac7000 	C:\Windows\System32\combase.dll
0x00007ffcd4720000 - 0x00007ffcd4815000 	C:\Windows\System32\ucrtbase.dll
0x00007ffcd4d10000 - 0x00007ffcd4d7a000 	C:\Windows\System32\bcryptPrimitives.dll
0x00007ffcd7e60000 - 0x00007ffcd7e8e000 	C:\Windows\System32\IMM32.DLL
0x0000000065140000 - 0x0000000065212000 	C:\Program Files\Java\jdk1.8.0_25\jre\bin\msvcr100.dll
0x0000000065220000 - 0x0000000065a7a000 	C:\Program Files\Java\jdk1.8.0_25\jre\bin\server\jvm.dll
0x00007ffcd5600000 - 0x00007ffcd5608000 	C:\Windows\System32\PSAPI.DLL
0x00007ffcc64f0000 - 0x00007ffcc64f9000 	C:\Windows\SYSTEM32\WSOCK32.dll
0x00007ffcd2930000 - 0x00007ffcd2953000 	C:\Windows\SYSTEM32\WINMM.dll
0x00007ffcd5720000 - 0x00007ffcd578a000 	C:\Windows\System32\WS2_32.dll
0x00007ffcd2900000 - 0x00007ffcd292b000 	C:\Windows\SYSTEM32\WINMMBASE.dll
0x00007ffcd4af0000 - 0x00007ffcd4b32000 	C:\Windows\System32\cfgmgr32.dll
0x00000000650f0000 - 0x00000000650ff000 	C:\Program Files\Java\jdk1.8.0_25\jre\bin\verify.dll
0x00000000650c0000 - 0x00000000650e8000 	C:\Program Files\Java\jdk1.8.0_25\jre\bin\java.dll
0x00000000650a0000 - 0x00000000650b6000 	C:\Program Files\Java\jdk1.8.0_25\jre\bin\zip.dll
0x00007ffccb650000 - 0x00007ffccb7e2000 	C:\Windows\SYSTEM32\dbghelp.dll

VM Arguments:
jvm_args: -Dfile.encoding=UTF-8 
java_command: uirun.UiRun
java_class_path (initial): C:\Users\laureae_sd2082\Documents\NetBeansProjects\uiRun\build\classes
Launcher Type: SUN_STANDARD

Environment Variables:
PATH=C:\ProgramData\Oracle\Java\javapath;C:\Windows\system32;C:\Windows;C:\Windows\System32\Wbem;C:\Windows\System32\WindowsPowerShell\v1.0\;C:\Program Files\Git\cmd;C:\Program Files\nodejs\;C:\Users\laureae_sd2082\AppData\Local\Microsoft\WindowsApps;
USERNAME=laureae_sd2082
OS=Windows_NT
PROCESSOR_IDENTIFIER=Intel64 Family 6 Model 142 Stepping 10, GenuineIntel



---------------  S Y S T E M  ---------------

OS: Windows 8.1 , 64 bit Build 9600 

CPU:total 8 (4 cores per cpu, 2 threads per core) family 6 model 142 stepping 10, cmov, cx8, fxsr, mmx, sse, sse2, sse3, ssse3, sse4.1, sse4.2, popcnt, avx, avx2, aes, clmul, erms, lzcnt, ht, tsc, tscinvbit, bmi1, bmi2

Memory: 4k page, physical 33419756k(25839744k free), swap 57411304k(5668k free)

vm_info: Java HotSpot(TM) 64-Bit Server VM (25.25-b02) for windows-amd64 JRE (1.8.0_25-b18), built on Oct  7 2014 14:25:37 by "java_re" with MS VC++ 10.0 (VS2010)

time: Fri Oct 18 18:56:47 2019
elapsed time: 0 seconds (0d 0h 0m 0s)

